This is pdfTeX, Version 3.141592653-2.6-1.40.22 (TeX Live 2021) (preloaded format=pdflatex 2022.2.14)  3 JUL 2024 21:07
entering extended mode
 restricted \write18 enabled.
 %&-line parsing enabled.
**POGGIOLI_course_project.tex
(./POGGIOLI_course_project.tex
LaTeX2e <2020-10-01> patch level 4
L3 programming layer <2021-02-18>
(/usr/local/texlive/2021/texmf-dist/tex/latex/base/article.cls
Document Class: article 2020/04/10 v1.4m Standard LaTeX document class
(/usr/local/texlive/2021/texmf-dist/tex/latex/base/size12.clo
File: size12.clo 2020/04/10 v1.4m Standard LaTeX file (size option)
)
\c@part=\count179
\c@section=\count180
\c@subsection=\count181
\c@subsubsection=\count182
\c@paragraph=\count183
\c@subparagraph=\count184
\c@figure=\count185
\c@table=\count186
\abovecaptionskip=\skip47
\belowcaptionskip=\skip48
\bibindent=\dimen138
)
(/usr/local/texlive/2021/texmf-dist/tex/latex/preprint/fullpage.sty
Package: fullpage 1999/02/23 1.1 (PWD)
\FP@margin=\skip49
)
(/usr/local/texlive/2021/texmf-dist/tex/latex/amsmath/amsmath.sty
Package: amsmath 2020/09/23 v2.17i AMS math features
\@mathmargin=\skip50

For additional information on amsmath, use the `?' option.
(/usr/local/texlive/2021/texmf-dist/tex/latex/amsmath/amstext.sty
Package: amstext 2000/06/29 v2.01 AMS text

(/usr/local/texlive/2021/texmf-dist/tex/latex/amsmath/amsgen.sty
File: amsgen.sty 1999/11/30 v2.0 generic functions
\@emptytoks=\toks15
\ex@=\dimen139
))
(/usr/local/texlive/2021/texmf-dist/tex/latex/amsmath/amsbsy.sty
Package: amsbsy 1999/11/29 v1.2d Bold Symbols
\pmbraise@=\dimen140
)
(/usr/local/texlive/2021/texmf-dist/tex/latex/amsmath/amsopn.sty
Package: amsopn 2016/03/08 v2.02 operator names
)
\inf@bad=\count187
LaTeX Info: Redefining \frac on input line 234.
\uproot@=\count188
\leftroot@=\count189
LaTeX Info: Redefining \overline on input line 399.
\classnum@=\count190
\DOTSCASE@=\count191
LaTeX Info: Redefining \ldots on input line 496.
LaTeX Info: Redefining \dots on input line 499.
LaTeX Info: Redefining \cdots on input line 620.
\Mathstrutbox@=\box47
\strutbox@=\box48
\big@size=\dimen141
LaTeX Font Info:    Redeclaring font encoding OML on input line 743.
LaTeX Font Info:    Redeclaring font encoding OMS on input line 744.
\macc@depth=\count192
\c@MaxMatrixCols=\count193
\dotsspace@=\muskip16
\c@parentequation=\count194
\dspbrk@lvl=\count195
\tag@help=\toks16
\row@=\count196
\column@=\count197
\maxfields@=\count198
\andhelp@=\toks17
\eqnshift@=\dimen142
\alignsep@=\dimen143
\tagshift@=\dimen144
\tagwidth@=\dimen145
\totwidth@=\dimen146
\lineht@=\dimen147
\@envbody=\toks18
\multlinegap=\skip51
\multlinetaggap=\skip52
\mathdisplay@stack=\toks19
LaTeX Info: Redefining \[ on input line 2923.
LaTeX Info: Redefining \] on input line 2924.
)
(/usr/local/texlive/2021/texmf-dist/tex/latex/graphics/graphicx.sty
Package: graphicx 2020/09/09 v1.2b Enhanced LaTeX Graphics (DPC,SPQR)

(/usr/local/texlive/2021/texmf-dist/tex/latex/graphics/keyval.sty
Package: keyval 2014/10/28 v1.15 key=value parser (DPC)
\KV@toks@=\toks20
)
(/usr/local/texlive/2021/texmf-dist/tex/latex/graphics/graphics.sty
Package: graphics 2020/08/30 v1.4c Standard LaTeX Graphics (DPC,SPQR)

(/usr/local/texlive/2021/texmf-dist/tex/latex/graphics/trig.sty
Package: trig 2016/01/03 v1.10 sin cos tan (DPC)
)
(/usr/local/texlive/2021/texmf-dist/tex/latex/graphics-cfg/graphics.cfg
File: graphics.cfg 2016/06/04 v1.11 sample graphics configuration
)
Package graphics Info: Driver file: pdftex.def on input line 105.

(/usr/local/texlive/2021/texmf-dist/tex/latex/graphics-def/pdftex.def
File: pdftex.def 2020/10/05 v1.2a Graphics/color driver for pdftex
))
\Gin@req@height=\dimen148
\Gin@req@width=\dimen149
)
(/usr/local/texlive/2021/texmf-dist/tex/latex/float/float.sty
Package: float 2001/11/08 v1.3d Float enhancements (AL)
\c@float@type=\count199
\float@exts=\toks21
\float@box=\box49
\@float@everytoks=\toks22
\@floatcapt=\box50
)
(/usr/local/texlive/2021/texmf-dist/tex/latex/units/units.sty
Package: units 1998/08/04 v0.9b Typesetting units

(/usr/local/texlive/2021/texmf-dist/tex/latex/base/ifthen.sty
Package: ifthen 2014/09/29 v1.1c Standard LaTeX ifthen package (DPC)
)
(/usr/local/texlive/2021/texmf-dist/tex/latex/units/nicefrac.sty
Package: nicefrac 1998/08/04 v0.9b Nice fractions
\L@UnitsRaiseDisplaystyle=\skip53
\L@UnitsRaiseTextstyle=\skip54
\L@UnitsRaiseScriptstyle=\skip55
))
(/usr/local/texlive/2021/texmf-dist/tex/latex/adjustbox/adjustbox.sty
Package: adjustbox 2020/08/19 v1.3 Adjusting TeX boxes (trim, clip, ...)

(/usr/local/texlive/2021/texmf-dist/tex/latex/xkeyval/xkeyval.sty
Package: xkeyval 2020/11/20 v2.8 package option processing (HA)

(/usr/local/texlive/2021/texmf-dist/tex/generic/xkeyval/xkeyval.tex
(/usr/local/texlive/2021/texmf-dist/tex/generic/xkeyval/xkvutils.tex
\XKV@toks=\toks23
\XKV@tempa@toks=\toks24
)
\XKV@depth=\count266
File: xkeyval.tex 2014/12/03 v2.7a key=value parser (HA)
))
(/usr/local/texlive/2021/texmf-dist/tex/latex/adjustbox/adjcalc.sty
Package: adjcalc 2012/05/16 v1.1 Provides advanced setlength with multiple back
-ends (calc, etex, pgfmath)
)
(/usr/local/texlive/2021/texmf-dist/tex/latex/adjustbox/trimclip.sty
Package: trimclip 2020/08/19 v1.2 Trim and clip general TeX material

(/usr/local/texlive/2021/texmf-dist/tex/latex/collectbox/collectbox.sty
Package: collectbox 2012/05/17 v0.4b Collect macro arguments as boxes
\collectedbox=\box51
)
\tc@llx=\dimen150
\tc@lly=\dimen151
\tc@urx=\dimen152
\tc@ury=\dimen153
Package trimclip Info: Using driver 'tc-pdftex.def'.

(/usr/local/texlive/2021/texmf-dist/tex/latex/adjustbox/tc-pdftex.def
File: tc-pdftex.def 2019/01/04 v2.2 Clipping driver for pdftex
))
\adjbox@Width=\dimen154
\adjbox@Height=\dimen155
\adjbox@Depth=\dimen156
\adjbox@Totalheight=\dimen157
\adjbox@pwidth=\dimen158
\adjbox@pheight=\dimen159
\adjbox@pdepth=\dimen160
\adjbox@ptotalheight=\dimen161

(/usr/local/texlive/2021/texmf-dist/tex/latex/ifoddpage/ifoddpage.sty
Package: ifoddpage 2016/04/23 v1.1 Conditionals for odd/even page detection
\c@checkoddpage=\count267
)
(/usr/local/texlive/2021/texmf-dist/tex/latex/varwidth/varwidth.sty
Package: varwidth 2009/03/30 ver 0.92;  Variable-width minipages
\@vwid@box=\box52
\sift@deathcycles=\count268
\@vwid@loff=\dimen162
\@vwid@roff=\dimen163
))
(/usr/local/texlive/2021/texmf-dist/tex/latex/pdfpages/pdfpages.sty
Package: pdfpages 2021/03/06 v0.5t Insert pages of external PDF documents (AM)

(/usr/local/texlive/2021/texmf-dist/tex/latex/tools/calc.sty
Package: calc 2017/05/25 v4.3 Infix arithmetic (KKT,FJ)
\calc@Acount=\count269
\calc@Bcount=\count270
\calc@Adimen=\dimen164
\calc@Bdimen=\dimen165
\calc@Askip=\skip56
\calc@Bskip=\skip57
LaTeX Info: Redefining \setlength on input line 80.
LaTeX Info: Redefining \addtolength on input line 81.
\calc@Ccount=\count271
\calc@Cskip=\skip58
)
(/usr/local/texlive/2021/texmf-dist/tex/latex/eso-pic/eso-pic.sty
Package: eso-pic 2020/10/14 v3.0a eso-pic (RN)
\ESO@tempdima=\dimen166
\ESO@tempdimb=\dimen167

(/usr/local/texlive/2021/texmf-dist/tex/latex/xcolor/xcolor.sty
Package: xcolor 2016/05/11 v2.12 LaTeX color extensions (UK)

(/usr/local/texlive/2021/texmf-dist/tex/latex/graphics-cfg/color.cfg
File: color.cfg 2016/01/02 v1.6 sample color configuration
)
Package xcolor Info: Driver file: pdftex.def on input line 225.
Package xcolor Info: Model `cmy' substituted by `cmy0' on input line 1348.
Package xcolor Info: Model `hsb' substituted by `rgb' on input line 1352.
Package xcolor Info: Model `RGB' extended on input line 1364.
Package xcolor Info: Model `HTML' substituted by `rgb' on input line 1366.
Package xcolor Info: Model `Hsb' substituted by `hsb' on input line 1367.
Package xcolor Info: Model `tHsb' substituted by `hsb' on input line 1368.
Package xcolor Info: Model `HSB' substituted by `hsb' on input line 1369.
Package xcolor Info: Model `Gray' substituted by `gray' on input line 1370.
Package xcolor Info: Model `wave' substituted by `hsb' on input line 1371.
))
\AM@pagewidth=\dimen168
\AM@pageheight=\dimen169
\AM@fboxrule=\dimen170

(/usr/local/texlive/2021/texmf-dist/tex/latex/pdfpages/pppdftex.def
File: pppdftex.def 2021/03/06 v0.5t Pdfpages driver for pdfTeX (AM)
)
\pdfpages@includegraphics@status=\count272
\AM@pagebox=\box53
\AM@global@opts=\toks25
\AM@pagecnt=\count273
\AM@toc@title=\toks26
\c@AM@survey=\count274
\AM@templatesizebox=\box54
)
(/usr/local/texlive/2021/texmf-dist/tex/latex/hyperref/hyperref.sty
Package: hyperref 2021-02-27 v7.00k Hypertext links for LaTeX

(/usr/local/texlive/2021/texmf-dist/tex/generic/ltxcmds/ltxcmds.sty
Package: ltxcmds 2020-05-10 v1.25 LaTeX kernel commands for general use (HO)
)
(/usr/local/texlive/2021/texmf-dist/tex/generic/iftex/iftex.sty
Package: iftex 2020/03/06 v1.0d TeX engine tests
)
(/usr/local/texlive/2021/texmf-dist/tex/generic/pdftexcmds/pdftexcmds.sty
Package: pdftexcmds 2020-06-27 v0.33 Utility functions of pdfTeX for LuaTeX (HO
)

(/usr/local/texlive/2021/texmf-dist/tex/generic/infwarerr/infwarerr.sty
Package: infwarerr 2019/12/03 v1.5 Providing info/warning/error messages (HO)
)
Package pdftexcmds Info: \pdf@primitive is available.
Package pdftexcmds Info: \pdf@ifprimitive is available.
Package pdftexcmds Info: \pdfdraftmode found.
)
(/usr/local/texlive/2021/texmf-dist/tex/generic/kvsetkeys/kvsetkeys.sty
Package: kvsetkeys 2019/12/15 v1.18 Key value parser (HO)
)
(/usr/local/texlive/2021/texmf-dist/tex/generic/kvdefinekeys/kvdefinekeys.sty
Package: kvdefinekeys 2019-12-19 v1.6 Define keys (HO)
)
(/usr/local/texlive/2021/texmf-dist/tex/generic/pdfescape/pdfescape.sty
Package: pdfescape 2019/12/09 v1.15 Implements pdfTeX's escape features (HO)
)
(/usr/local/texlive/2021/texmf-dist/tex/latex/hycolor/hycolor.sty
Package: hycolor 2020-01-27 v1.10 Color options for hyperref/bookmark (HO)
)
(/usr/local/texlive/2021/texmf-dist/tex/latex/letltxmacro/letltxmacro.sty
Package: letltxmacro 2019/12/03 v1.6 Let assignment for LaTeX macros (HO)
)
(/usr/local/texlive/2021/texmf-dist/tex/latex/auxhook/auxhook.sty
Package: auxhook 2019-12-17 v1.6 Hooks for auxiliary files (HO)
)
(/usr/local/texlive/2021/texmf-dist/tex/latex/kvoptions/kvoptions.sty
Package: kvoptions 2020-10-07 v3.14 Key value format for package options (HO)
)
\@linkdim=\dimen171
\Hy@linkcounter=\count275
\Hy@pagecounter=\count276

(/usr/local/texlive/2021/texmf-dist/tex/latex/hyperref/pd1enc.def
File: pd1enc.def 2021-02-27 v7.00k Hyperref: PDFDocEncoding definition (HO)
Now handling font encoding PD1 ...
... no UTF-8 mapping file for font encoding PD1
)
(/usr/local/texlive/2021/texmf-dist/tex/latex/hyperref/hyperref-langpatches.def
File: hyperref-langpatches.def 2021-02-27 v7.00k Hyperref: patches for babel la
nguages
) (/usr/local/texlive/2021/texmf-dist/tex/generic/intcalc/intcalc.sty
Package: intcalc 2019/12/15 v1.3 Expandable calculations with integers (HO)
)
(/usr/local/texlive/2021/texmf-dist/tex/generic/etexcmds/etexcmds.sty
Package: etexcmds 2019/12/15 v1.7 Avoid name clashes with e-TeX commands (HO)
)
\Hy@SavedSpaceFactor=\count277

(/usr/local/texlive/2021/texmf-dist/tex/latex/hyperref/puenc.def
File: puenc.def 2021-02-27 v7.00k Hyperref: PDF Unicode definition (HO)
Now handling font encoding PU ...
... no UTF-8 mapping file for font encoding PU
)
Package hyperref Info: Hyper figures OFF on input line 4192.
Package hyperref Info: Link nesting OFF on input line 4197.
Package hyperref Info: Hyper index ON on input line 4200.
Package hyperref Info: Plain pages OFF on input line 4207.
Package hyperref Info: Backreferencing OFF on input line 4212.
Package hyperref Info: Implicit mode ON; LaTeX internals redefined.
Package hyperref Info: Bookmarks ON on input line 4445.
\c@Hy@tempcnt=\count278

(/usr/local/texlive/2021/texmf-dist/tex/latex/url/url.sty
\Urlmuskip=\muskip17
Package: url 2013/09/16  ver 3.4  Verb mode for urls, etc.
)
LaTeX Info: Redefining \url on input line 4804.
\XeTeXLinkMargin=\dimen172

(/usr/local/texlive/2021/texmf-dist/tex/generic/bitset/bitset.sty
Package: bitset 2019/12/09 v1.3 Handle bit-vector datatype (HO)

(/usr/local/texlive/2021/texmf-dist/tex/generic/bigintcalc/bigintcalc.sty
Package: bigintcalc 2019/12/15 v1.5 Expandable calculations on big integers (HO
)
))
\Fld@menulength=\count279
\Field@Width=\dimen173
\Fld@charsize=\dimen174
Package hyperref Info: Hyper figures OFF on input line 6075.
Package hyperref Info: Link nesting OFF on input line 6080.
Package hyperref Info: Hyper index ON on input line 6083.
Package hyperref Info: backreferencing OFF on input line 6090.
Package hyperref Info: Link coloring OFF on input line 6095.
Package hyperref Info: Link coloring with OCG OFF on input line 6100.
Package hyperref Info: PDF/A mode OFF on input line 6105.
LaTeX Info: Redefining \ref on input line 6145.
LaTeX Info: Redefining \pageref on input line 6149.

(/usr/local/texlive/2021/texmf-dist/tex/latex/base/atbegshi-ltx.sty
Package: atbegshi-ltx 2020/08/17 v1.0a Emulation of the original atbegshi packa
ge
with kernel methods
)
\Hy@abspage=\count280
\c@Item=\count281
\c@Hfootnote=\count282
)
Package hyperref Info: Driver (autodetected): hpdftex.

(/usr/local/texlive/2021/texmf-dist/tex/latex/hyperref/hpdftex.def
File: hpdftex.def 2021-02-27 v7.00k Hyperref driver for pdfTeX

(/usr/local/texlive/2021/texmf-dist/tex/latex/base/atveryend-ltx.sty
Package: atveryend-ltx 2020/08/19 v1.0a Emulation of the original atvery packag
e
with kernel methods
)
\Fld@listcount=\count283
\c@bookmark@seq@number=\count284

(/usr/local/texlive/2021/texmf-dist/tex/latex/rerunfilecheck/rerunfilecheck.sty
Package: rerunfilecheck 2019/12/05 v1.9 Rerun checks for auxiliary files (HO)

(/usr/local/texlive/2021/texmf-dist/tex/generic/uniquecounter/uniquecounter.sty
Package: uniquecounter 2019/12/15 v1.4 Provide unlimited unique counter (HO)
)
Package uniquecounter Info: New unique counter `rerunfilecheck' on input line 2
86.
)
\Hy@SectionHShift=\skip59
)
(/usr/local/texlive/2021/texmf-dist/tex/latex/l3backend/l3backend-pdftex.def
File: l3backend-pdftex.def 2021-03-18 L3 backend support: PDF output (pdfTeX)
\l__color_backend_stack_int=\count285
\l__pdf_internal_box=\box55
)
(./POGGIOLI_course_project.aux)
\openout1 = `POGGIOLI_course_project.aux'.

LaTeX Font Info:    Checking defaults for OML/cmm/m/it on input line 11.
LaTeX Font Info:    ... okay on input line 11.
LaTeX Font Info:    Checking defaults for OMS/cmsy/m/n on input line 11.
LaTeX Font Info:    ... okay on input line 11.
LaTeX Font Info:    Checking defaults for OT1/cmr/m/n on input line 11.
LaTeX Font Info:    ... okay on input line 11.
LaTeX Font Info:    Checking defaults for T1/cmr/m/n on input line 11.
LaTeX Font Info:    ... okay on input line 11.
LaTeX Font Info:    Checking defaults for TS1/cmr/m/n on input line 11.
LaTeX Font Info:    ... okay on input line 11.
LaTeX Font Info:    Checking defaults for OMX/cmex/m/n on input line 11.
LaTeX Font Info:    ... okay on input line 11.
LaTeX Font Info:    Checking defaults for U/cmr/m/n on input line 11.
LaTeX Font Info:    ... okay on input line 11.
LaTeX Font Info:    Checking defaults for PD1/pdf/m/n on input line 11.
LaTeX Font Info:    ... okay on input line 11.
LaTeX Font Info:    Checking defaults for PU/pdf/m/n on input line 11.
LaTeX Font Info:    ... okay on input line 11.

(/usr/local/texlive/2021/texmf-dist/tex/context/base/mkii/supp-pdf.mkii
[Loading MPS to PDF converter (version 2006.09.02).]
\scratchcounter=\count286
\scratchdimen=\dimen175
\scratchbox=\box56
\nofMPsegments=\count287
\nofMParguments=\count288
\everyMPshowfont=\toks27
\MPscratchCnt=\count289
\MPscratchDim=\dimen176
\MPnumerator=\count290
\makeMPintoPDFobject=\count291
\everyMPtoPDFconversion=\toks28
) (/usr/local/texlive/2021/texmf-dist/tex/latex/epstopdf-pkg/epstopdf-base.sty
Package: epstopdf-base 2020-01-24 v2.11 Base part for package epstopdf
Package epstopdf-base Info: Redefining graphics rule for `.eps' on input line 4
85.

(/usr/local/texlive/2021/texmf-dist/tex/latex/latexconfig/epstopdf-sys.cfg
File: epstopdf-sys.cfg 2010/07/13 v1.3 Configuration of (r)epstopdf for TeX Liv
e
))
(/usr/local/texlive/2021/texmf-dist/tex/latex/pdflscape/pdflscape.sty
Package: pdflscape 2019/12/05 v0.12 Display of landscape pages in PDF (HO)

(/usr/local/texlive/2021/texmf-dist/tex/latex/graphics/lscape.sty
Package: lscape 2020/05/28 v3.02 Landscape Pages (DPC)
)
Package pdflscape Info: Auto-detected driver: pdftex on input line 81.
)
Package hyperref Info: Link coloring OFF on input line 11.

(/usr/local/texlive/2021/texmf-dist/tex/latex/hyperref/nameref.sty
Package: nameref 2021-04-02 v2.47 Cross-referencing by name of section

(/usr/local/texlive/2021/texmf-dist/tex/latex/refcount/refcount.sty
Package: refcount 2019/12/15 v3.6 Data extraction from label references (HO)
)
(/usr/local/texlive/2021/texmf-dist/tex/generic/gettitlestring/gettitlestring.s
ty
Package: gettitlestring 2019/12/15 v1.6 Cleanup title references (HO)
)
\c@section@level=\count292
)
LaTeX Info: Redefining \ref on input line 11.
LaTeX Info: Redefining \pageref on input line 11.
LaTeX Info: Redefining \nameref on input line 11.
 (./POGGIOLI_course_project.out) (./POGGIOLI_course_project.out)
\@outlinefile=\write3
\openout3 = `POGGIOLI_course_project.out'.

 [1

{/usr/local/texlive/2021/texmf-var/fonts/map/pdftex/updmap/pdftex.map}] [2]
<../figures/feature_correlations.pdf, id=80, 578.16pt x 722.7pt>
File: ../figures/feature_correlations.pdf Graphic file (type pdf)
<use ../figures/feature_correlations.pdf>
Package pdftex.def Info: ../figures/feature_correlations.pdf  used on input lin
e 113.
(pdftex.def)             Requested size: 289.07928pt x 361.3491pt.
 [3]
[4 <../figures/feature_correlations.pdf>]
Overfull \hbox (1.39761pt too wide) in paragraph at lines 127--136
 [] 
 []

[5]
<../figures/model_evaluation.pdf, id=147, 578.16pt x 578.16pt>
File: ../figures/model_evaluation.pdf Graphic file (type pdf)
<use ../figures/model_evaluation.pdf>
Package pdftex.def Info: ../figures/model_evaluation.pdf  used on input line 14
1.
(pdftex.def)             Requested size: 289.07928pt x 289.07928pt.
<../figures/normalized_importances.pdf, id=148, 578.16pt x 578.16pt>
File: ../figures/normalized_importances.pdf Graphic file (type pdf)
<use ../figures/normalized_importances.pdf>
Package pdftex.def Info: ../figures/normalized_importances.pdf  used on input l
ine 149.
(pdftex.def)             Requested size: 289.07928pt x 289.07928pt.
 [6 <../figures/model_evaluation.pdf>]
Overfull \hbox (3.61343pt too wide) in paragraph at lines 154--155
\OT1/cmr/m/n/12 We see that the most im-por-tant fea-ture in de-ter-min-ing hir
-ing out-come is \OT1/cmr/bx/n/12 Re-cruit-mentStrat-
 []

[7 <../figures/normalized_importances.pdf>]
<../figures/optimal_tree.pdf, id=238, 3613.5pt x 1445.4pt>
File: ../figures/optimal_tree.pdf Graphic file (type pdf)
<use ../figures/optimal_tree.pdf>
Package pdftex.def Info: ../figures/optimal_tree.pdf  used on input line 170.
(pdftex.def)             Requested size: 722.68721pt x 289.07487pt.
 [8]
Overfull \vbox (102.2572pt too high) has occurred while \output is active []


[9 <../figures/optimal_tree.pdf>]
<../hiring_classification.pdf, id=303, 614.295pt x 794.97pt>
File: ../hiring_classification.pdf Graphic file (type pdf)
<use ../hiring_classification.pdf>
Package pdftex.def Info: ../hiring_classification.pdf  used on input line 176.
(pdftex.def)             Requested size: 614.29349pt x 794.96806pt.
File: ../hiring_classification.pdf Graphic file (type pdf)
<use ../hiring_classification.pdf>
Package pdftex.def Info: ../hiring_classification.pdf  used on input line 176.
(pdftex.def)             Requested size: 614.29349pt x 794.96806pt.
<../hiring_classification.pdf, id=306, page=1, 614.295pt x 794.97pt>
File: ../hiring_classification.pdf Graphic file (type pdf)
<use ../hiring_classification.pdf, page 1>
Package pdftex.def Info: ../hiring_classification.pdf , page1 used on input lin
e 176.
(pdftex.def)             Requested size: 614.29349pt x 794.96806pt.
File: ../hiring_classification.pdf Graphic file (type pdf)
<use ../hiring_classification.pdf, page 1>
Package pdftex.def Info: ../hiring_classification.pdf , page1 used on input lin
e 176.
(pdftex.def)             Requested size: 614.58406pt x 795.3441pt.
File: ../hiring_classification.pdf Graphic file (type pdf)
<use ../hiring_classification.pdf, page 1>
Package pdftex.def Info: ../hiring_classification.pdf , page1 used on input lin
e 176.
(pdftex.def)             Requested size: 614.58406pt x 795.3441pt.
File: ../hiring_classification.pdf Graphic file (type pdf)
<use ../hiring_classification.pdf, page 1>
Package pdftex.def Info: ../hiring_classification.pdf , page1 used on input lin
e 176.
(pdftex.def)             Requested size: 614.58406pt x 795.3441pt.
File: ../hiring_classification.pdf Graphic file (type pdf)
<use ../hiring_classification.pdf, page 1>
Package pdftex.def Info: ../hiring_classification.pdf , page1 used on input lin
e 176.
(pdftex.def)             Requested size: 614.58406pt x 795.3441pt.
 [10 <../hiring_classification.pdf>]
<../hiring_classification.pdf, id=354, page=2, 614.295pt x 794.97pt>
File: ../hiring_classification.pdf Graphic file (type pdf)
<use ../hiring_classification.pdf, page 2>
Package pdftex.def Info: ../hiring_classification.pdf , page2 used on input lin
e 176.
(pdftex.def)             Requested size: 614.58406pt x 795.3441pt.
File: ../hiring_classification.pdf Graphic file (type pdf)
<use ../hiring_classification.pdf, page 2>
Package pdftex.def Info: ../hiring_classification.pdf , page2 used on input lin
e 176.
(pdftex.def)             Requested size: 614.58406pt x 795.3441pt.
File: ../hiring_classification.pdf Graphic file (type pdf)
<use ../hiring_classification.pdf, page 2>
Package pdftex.def Info: ../hiring_classification.pdf , page2 used on input lin
e 176.
(pdftex.def)             Requested size: 614.58406pt x 795.3441pt.
 [11 <../hiring_classification.pdf>]
<../hiring_classification.pdf, id=373, page=3, 614.295pt x 794.97pt>
File: ../hiring_classification.pdf Graphic file (type pdf)
<use ../hiring_classification.pdf, page 3>
Package pdftex.def Info: ../hiring_classification.pdf , page3 used on input lin
e 176.
(pdftex.def)             Requested size: 614.58406pt x 795.3441pt.
File: ../hiring_classification.pdf Graphic file (type pdf)
<use ../hiring_classification.pdf, page 3>
Package pdftex.def Info: ../hiring_classification.pdf , page3 used on input lin
e 176.
(pdftex.def)             Requested size: 614.58406pt x 795.3441pt.
File: ../hiring_classification.pdf Graphic file (type pdf)
<use ../hiring_classification.pdf, page 3>
Package pdftex.def Info: ../hiring_classification.pdf , page3 used on input lin
e 176.
(pdftex.def)             Requested size: 614.58406pt x 795.3441pt.
 [12 <../hiring_classification.pdf>]
<../hiring_classification.pdf, id=385, page=4, 614.295pt x 794.97pt>
File: ../hiring_classification.pdf Graphic file (type pdf)
<use ../hiring_classification.pdf, page 4>
Package pdftex.def Info: ../hiring_classification.pdf , page4 used on input lin
e 176.
(pdftex.def)             Requested size: 614.58406pt x 795.3441pt.
File: ../hiring_classification.pdf Graphic file (type pdf)
<use ../hiring_classification.pdf, page 4>
Package pdftex.def Info: ../hiring_classification.pdf , page4 used on input lin
e 176.
(pdftex.def)             Requested size: 614.58406pt x 795.3441pt.
File: ../hiring_classification.pdf Graphic file (type pdf)
<use ../hiring_classification.pdf, page 4>
Package pdftex.def Info: ../hiring_classification.pdf , page4 used on input lin
e 176.
(pdftex.def)             Requested size: 614.58406pt x 795.3441pt.
 [13 <../hiring_classification.pdf>]
<../hiring_classification.pdf, id=393, page=5, 614.295pt x 794.97pt>
File: ../hiring_classification.pdf Graphic file (type pdf)
<use ../hiring_classification.pdf, page 5>
Package pdftex.def Info: ../hiring_classification.pdf , page5 used on input lin
e 176.
(pdftex.def)             Requested size: 614.58406pt x 795.3441pt.
File: ../hiring_classification.pdf Graphic file (type pdf)
<use ../hiring_classification.pdf, page 5>
Package pdftex.def Info: ../hiring_classification.pdf , page5 used on input lin
e 176.
(pdftex.def)             Requested size: 614.58406pt x 795.3441pt.
File: ../hiring_classification.pdf Graphic file (type pdf)
<use ../hiring_classification.pdf, page 5>
Package pdftex.def Info: ../hiring_classification.pdf , page5 used on input lin
e 176.
(pdftex.def)             Requested size: 614.58406pt x 795.3441pt.
 [14 <../hiring_classification.pdf>]
<../hiring_classification.pdf, id=398, page=6, 614.295pt x 794.97pt>
File: ../hiring_classification.pdf Graphic file (type pdf)
<use ../hiring_classification.pdf, page 6>
Package pdftex.def Info: ../hiring_classification.pdf , page6 used on input lin
e 176.
(pdftex.def)             Requested size: 614.58406pt x 795.3441pt.
File: ../hiring_classification.pdf Graphic file (type pdf)
<use ../hiring_classification.pdf, page 6>
Package pdftex.def Info: ../hiring_classification.pdf , page6 used on input lin
e 176.
(pdftex.def)             Requested size: 614.58406pt x 795.3441pt.
File: ../hiring_classification.pdf Graphic file (type pdf)
<use ../hiring_classification.pdf, page 6>
Package pdftex.def Info: ../hiring_classification.pdf , page6 used on input lin
e 176.
(pdftex.def)             Requested size: 614.58406pt x 795.3441pt.
 [15 <../hiring_classification.pdf>]
<../hiring_classification.pdf, id=403, page=7, 614.295pt x 794.97pt>
File: ../hiring_classification.pdf Graphic file (type pdf)
<use ../hiring_classification.pdf, page 7>
Package pdftex.def Info: ../hiring_classification.pdf , page7 used on input lin
e 176.
(pdftex.def)             Requested size: 614.58406pt x 795.3441pt.
File: ../hiring_classification.pdf Graphic file (type pdf)
<use ../hiring_classification.pdf, page 7>
Package pdftex.def Info: ../hiring_classification.pdf , page7 used on input lin
e 176.
(pdftex.def)             Requested size: 614.58406pt x 795.3441pt.
File: ../hiring_classification.pdf Graphic file (type pdf)
<use ../hiring_classification.pdf, page 7>
Package pdftex.def Info: ../hiring_classification.pdf , page7 used on input lin
e 176.
(pdftex.def)             Requested size: 614.58406pt x 795.3441pt.
 [16 <../hiring_classification.pdf>]
<../hiring_classification.pdf, id=410, page=8, 614.295pt x 794.97pt>
File: ../hiring_classification.pdf Graphic file (type pdf)
<use ../hiring_classification.pdf, page 8>
Package pdftex.def Info: ../hiring_classification.pdf , page8 used on input lin
e 176.
(pdftex.def)             Requested size: 614.58406pt x 795.3441pt.
File: ../hiring_classification.pdf Graphic file (type pdf)
<use ../hiring_classification.pdf, page 8>
Package pdftex.def Info: ../hiring_classification.pdf , page8 used on input lin
e 176.
(pdftex.def)             Requested size: 614.58406pt x 795.3441pt.
File: ../hiring_classification.pdf Graphic file (type pdf)
<use ../hiring_classification.pdf, page 8>
Package pdftex.def Info: ../hiring_classification.pdf , page8 used on input lin
e 176.
(pdftex.def)             Requested size: 614.58406pt x 795.3441pt.
 [17 <../hiring_classification.pdf>]
<../hiring_classification.pdf, id=424, page=9, 614.295pt x 794.97pt>
File: ../hiring_classification.pdf Graphic file (type pdf)
<use ../hiring_classification.pdf, page 9>
Package pdftex.def Info: ../hiring_classification.pdf , page9 used on input lin
e 176.
(pdftex.def)             Requested size: 614.58406pt x 795.3441pt.
File: ../hiring_classification.pdf Graphic file (type pdf)
<use ../hiring_classification.pdf, page 9>
Package pdftex.def Info: ../hiring_classification.pdf , page9 used on input lin
e 176.
(pdftex.def)             Requested size: 614.58406pt x 795.3441pt.
File: ../hiring_classification.pdf Graphic file (type pdf)
<use ../hiring_classification.pdf, page 9>
Package pdftex.def Info: ../hiring_classification.pdf , page9 used on input lin
e 176.
(pdftex.def)             Requested size: 614.58406pt x 795.3441pt.
 [18 <../hiring_classification.pdf>]
<../hiring_classification.pdf, id=437, page=10, 614.295pt x 794.97pt>
File: ../hiring_classification.pdf Graphic file (type pdf)
<use ../hiring_classification.pdf, page 10>
Package pdftex.def Info: ../hiring_classification.pdf , page10 used on input li
ne 176.
(pdftex.def)             Requested size: 614.58406pt x 795.3441pt.
File: ../hiring_classification.pdf Graphic file (type pdf)
<use ../hiring_classification.pdf, page 10>
Package pdftex.def Info: ../hiring_classification.pdf , page10 used on input li
ne 176.
(pdftex.def)             Requested size: 614.58406pt x 795.3441pt.
File: ../hiring_classification.pdf Graphic file (type pdf)
<use ../hiring_classification.pdf, page 10>
Package pdftex.def Info: ../hiring_classification.pdf , page10 used on input li
ne 176.
(pdftex.def)             Requested size: 614.58406pt x 795.3441pt.
 [19 <../hiring_classification.pdf>]
<../hiring_classification.pdf, id=451, page=11, 614.295pt x 794.97pt>
File: ../hiring_classification.pdf Graphic file (type pdf)
<use ../hiring_classification.pdf, page 11>
Package pdftex.def Info: ../hiring_classification.pdf , page11 used on input li
ne 176.
(pdftex.def)             Requested size: 614.58406pt x 795.3441pt.
File: ../hiring_classification.pdf Graphic file (type pdf)
<use ../hiring_classification.pdf, page 11>
Package pdftex.def Info: ../hiring_classification.pdf , page11 used on input li
ne 176.
(pdftex.def)             Requested size: 614.58406pt x 795.3441pt.
File: ../hiring_classification.pdf Graphic file (type pdf)
<use ../hiring_classification.pdf, page 11>
Package pdftex.def Info: ../hiring_classification.pdf , page11 used on input li
ne 176.
(pdftex.def)             Requested size: 614.58406pt x 795.3441pt.

[20 <../hiring_classification.pdf>]
<../hiring_classification.pdf, id=458, page=12, 614.295pt x 794.97pt>
File: ../hiring_classification.pdf Graphic file (type pdf)
<use ../hiring_classification.pdf, page 12>
Package pdftex.def Info: ../hiring_classification.pdf , page12 used on input li
ne 176.
(pdftex.def)             Requested size: 614.58406pt x 795.3441pt.
File: ../hiring_classification.pdf Graphic file (type pdf)
<use ../hiring_classification.pdf, page 12>
Package pdftex.def Info: ../hiring_classification.pdf , page12 used on input li
ne 176.
(pdftex.def)             Requested size: 614.58406pt x 795.3441pt.
File: ../hiring_classification.pdf Graphic file (type pdf)
<use ../hiring_classification.pdf, page 12>
Package pdftex.def Info: ../hiring_classification.pdf , page12 used on input li
ne 176.
(pdftex.def)             Requested size: 614.58406pt x 795.3441pt.
 [21 <../hiring_classification.pdf>]
<../hiring_classification.pdf, id=465, page=13, 614.295pt x 794.97pt>
File: ../hiring_classification.pdf Graphic file (type pdf)
<use ../hiring_classification.pdf, page 13>
Package pdftex.def Info: ../hiring_classification.pdf , page13 used on input li
ne 176.
(pdftex.def)             Requested size: 614.58406pt x 795.3441pt.
File: ../hiring_classification.pdf Graphic file (type pdf)
<use ../hiring_classification.pdf, page 13>
Package pdftex.def Info: ../hiring_classification.pdf , page13 used on input li
ne 176.
(pdftex.def)             Requested size: 614.58406pt x 795.3441pt.
File: ../hiring_classification.pdf Graphic file (type pdf)
<use ../hiring_classification.pdf, page 13>
Package pdftex.def Info: ../hiring_classification.pdf , page13 used on input li
ne 176.
(pdftex.def)             Requested size: 614.58406pt x 795.3441pt.

[22 <../hiring_classification.pdf>]
<../hiring_classification.pdf, id=470, page=14, 614.295pt x 794.97pt>
File: ../hiring_classification.pdf Graphic file (type pdf)
<use ../hiring_classification.pdf, page 14>
Package pdftex.def Info: ../hiring_classification.pdf , page14 used on input li
ne 176.
(pdftex.def)             Requested size: 614.58406pt x 795.3441pt.
File: ../hiring_classification.pdf Graphic file (type pdf)
<use ../hiring_classification.pdf, page 14>
Package pdftex.def Info: ../hiring_classification.pdf , page14 used on input li
ne 176.
(pdftex.def)             Requested size: 614.58406pt x 795.3441pt.
File: ../hiring_classification.pdf Graphic file (type pdf)
<use ../hiring_classification.pdf, page 14>
Package pdftex.def Info: ../hiring_classification.pdf , page14 used on input li
ne 176.
(pdftex.def)             Requested size: 614.58406pt x 795.3441pt.
 [23 <../hiring_classification.pdf>]
<../hiring_classification.pdf, id=475, page=15, 614.295pt x 794.97pt>
File: ../hiring_classification.pdf Graphic file (type pdf)
<use ../hiring_classification.pdf, page 15>
Package pdftex.def Info: ../hiring_classification.pdf , page15 used on input li
ne 176.
(pdftex.def)             Requested size: 614.58406pt x 795.3441pt.
File: ../hiring_classification.pdf Graphic file (type pdf)
<use ../hiring_classification.pdf, page 15>
Package pdftex.def Info: ../hiring_classification.pdf , page15 used on input li
ne 176.
(pdftex.def)             Requested size: 614.58406pt x 795.3441pt.
File: ../hiring_classification.pdf Graphic file (type pdf)
<use ../hiring_classification.pdf, page 15>
Package pdftex.def Info: ../hiring_classification.pdf , page15 used on input li
ne 176.
(pdftex.def)             Requested size: 614.58406pt x 795.3441pt.

[24 <../hiring_classification.pdf>]
<../hiring_classification.pdf, id=480, page=16, 614.295pt x 794.97pt>
File: ../hiring_classification.pdf Graphic file (type pdf)
<use ../hiring_classification.pdf, page 16>
Package pdftex.def Info: ../hiring_classification.pdf , page16 used on input li
ne 176.
(pdftex.def)             Requested size: 614.58406pt x 795.3441pt.
File: ../hiring_classification.pdf Graphic file (type pdf)
<use ../hiring_classification.pdf, page 16>
Package pdftex.def Info: ../hiring_classification.pdf , page16 used on input li
ne 176.
(pdftex.def)             Requested size: 614.58406pt x 795.3441pt.
File: ../hiring_classification.pdf Graphic file (type pdf)
<use ../hiring_classification.pdf, page 16>
Package pdftex.def Info: ../hiring_classification.pdf , page16 used on input li
ne 176.
(pdftex.def)             Requested size: 614.58406pt x 795.3441pt.
 [25 <../hiring_classification.pdf>]
<../hiring_classification.pdf, id=486, page=17, 614.295pt x 794.97pt>
File: ../hiring_classification.pdf Graphic file (type pdf)
<use ../hiring_classification.pdf, page 17>
Package pdftex.def Info: ../hiring_classification.pdf , page17 used on input li
ne 176.
(pdftex.def)             Requested size: 614.58406pt x 795.3441pt.
File: ../hiring_classification.pdf Graphic file (type pdf)
<use ../hiring_classification.pdf, page 17>
Package pdftex.def Info: ../hiring_classification.pdf , page17 used on input li
ne 176.
(pdftex.def)             Requested size: 614.58406pt x 795.3441pt.
File: ../hiring_classification.pdf Graphic file (type pdf)
<use ../hiring_classification.pdf, page 17>
Package pdftex.def Info: ../hiring_classification.pdf , page17 used on input li
ne 176.
(pdftex.def)             Requested size: 614.58406pt x 795.3441pt.

[26 <../hiring_classification.pdf>]
<../hiring_classification.pdf, id=492, page=18, 614.295pt x 794.97pt>
File: ../hiring_classification.pdf Graphic file (type pdf)
<use ../hiring_classification.pdf, page 18>
Package pdftex.def Info: ../hiring_classification.pdf , page18 used on input li
ne 176.
(pdftex.def)             Requested size: 614.58406pt x 795.3441pt.
File: ../hiring_classification.pdf Graphic file (type pdf)
<use ../hiring_classification.pdf, page 18>
Package pdftex.def Info: ../hiring_classification.pdf , page18 used on input li
ne 176.
(pdftex.def)             Requested size: 614.58406pt x 795.3441pt.
File: ../hiring_classification.pdf Graphic file (type pdf)
<use ../hiring_classification.pdf, page 18>
Package pdftex.def Info: ../hiring_classification.pdf , page18 used on input li
ne 176.
(pdftex.def)             Requested size: 614.58406pt x 795.3441pt.
 [27 <../hiring_classification.pdf>]
<../hiring_classification.pdf, id=499, page=19, 614.295pt x 794.97pt>
File: ../hiring_classification.pdf Graphic file (type pdf)
<use ../hiring_classification.pdf, page 19>
Package pdftex.def Info: ../hiring_classification.pdf , page19 used on input li
ne 176.
(pdftex.def)             Requested size: 614.58406pt x 795.3441pt.
File: ../hiring_classification.pdf Graphic file (type pdf)
<use ../hiring_classification.pdf, page 19>
Package pdftex.def Info: ../hiring_classification.pdf , page19 used on input li
ne 176.
(pdftex.def)             Requested size: 614.58406pt x 795.3441pt.
File: ../hiring_classification.pdf Graphic file (type pdf)
<use ../hiring_classification.pdf, page 19>
Package pdftex.def Info: ../hiring_classification.pdf , page19 used on input li
ne 176.
(pdftex.def)             Requested size: 614.58406pt x 795.3441pt.

[28 <../hiring_classification.pdf>]
<../hiring_classification.pdf, id=504, page=20, 614.295pt x 794.97pt>
File: ../hiring_classification.pdf Graphic file (type pdf)
<use ../hiring_classification.pdf, page 20>
Package pdftex.def Info: ../hiring_classification.pdf , page20 used on input li
ne 176.
(pdftex.def)             Requested size: 614.58406pt x 795.3441pt.
File: ../hiring_classification.pdf Graphic file (type pdf)
<use ../hiring_classification.pdf, page 20>
Package pdftex.def Info: ../hiring_classification.pdf , page20 used on input li
ne 176.
(pdftex.def)             Requested size: 614.58406pt x 795.3441pt.
File: ../hiring_classification.pdf Graphic file (type pdf)
<use ../hiring_classification.pdf, page 20>
Package pdftex.def Info: ../hiring_classification.pdf , page20 used on input li
ne 176.
(pdftex.def)             Requested size: 614.58406pt x 795.3441pt.
 [29 <../hiring_classification.pdf>]
<../hiring_classification.pdf, id=511, page=21, 614.295pt x 794.97pt>
File: ../hiring_classification.pdf Graphic file (type pdf)
<use ../hiring_classification.pdf, page 21>
Package pdftex.def Info: ../hiring_classification.pdf , page21 used on input li
ne 176.
(pdftex.def)             Requested size: 614.58406pt x 795.3441pt.
File: ../hiring_classification.pdf Graphic file (type pdf)
<use ../hiring_classification.pdf, page 21>
Package pdftex.def Info: ../hiring_classification.pdf , page21 used on input li
ne 176.
(pdftex.def)             Requested size: 614.58406pt x 795.3441pt.
File: ../hiring_classification.pdf Graphic file (type pdf)
<use ../hiring_classification.pdf, page 21>
Package pdftex.def Info: ../hiring_classification.pdf , page21 used on input li
ne 176.
(pdftex.def)             Requested size: 614.58406pt x 795.3441pt.

[30 <../hiring_classification.pdf>]
<../hiring_classification.pdf, id=518, page=22, 614.295pt x 794.97pt>
File: ../hiring_classification.pdf Graphic file (type pdf)
<use ../hiring_classification.pdf, page 22>
Package pdftex.def Info: ../hiring_classification.pdf , page22 used on input li
ne 176.
(pdftex.def)             Requested size: 614.58406pt x 795.3441pt.
File: ../hiring_classification.pdf Graphic file (type pdf)
<use ../hiring_classification.pdf, page 22>
Package pdftex.def Info: ../hiring_classification.pdf , page22 used on input li
ne 176.
(pdftex.def)             Requested size: 614.58406pt x 795.3441pt.
File: ../hiring_classification.pdf Graphic file (type pdf)
<use ../hiring_classification.pdf, page 22>
Package pdftex.def Info: ../hiring_classification.pdf , page22 used on input li
ne 176.
(pdftex.def)             Requested size: 614.58406pt x 795.3441pt.
 [31 <../hiring_classification.pdf>]
(./POGGIOLI_course_project.aux)

Package rerunfilecheck Warning: File `POGGIOLI_course_project.out' has changed.

(rerunfilecheck)                Rerun to get outlines right
(rerunfilecheck)                or use package `bookmark'.

Package rerunfilecheck Info: Checksums for `POGGIOLI_course_project.out':
(rerunfilecheck)             Before: 149DC0B876476537C01133B94D0D41D4;1331
(rerunfilecheck)             After:  551643AAD6697A38ED66D624B90094A1;1433.
 ) 
Here is how much of TeX's memory you used:
 10931 strings out of 478994
 165151 string characters out of 5858184
 473715 words of memory out of 5000000
 28175 multiletter control sequences out of 15000+600000
 410407 words of font info for 51 fonts, out of 8000000 for 9000
 1141 hyphenation exceptions out of 8191
 71i,17n,81p,1080b,526s stack positions out of 5000i,500n,10000p,200000b,80000s
{/usr/local/texlive/2021/texmf-dist/fonts/enc/dvips/cm-super/cm-super-ts1.enc
}</usr/local/texlive/2021/texmf-dist/fonts/type1/public/amsfonts/cm/cmbx12.pfb>
</usr/local/texlive/2021/texmf-dist/fonts/type1/public/amsfonts/cm/cmmi12.pfb><
/usr/local/texlive/2021/texmf-dist/fonts/type1/public/amsfonts/cm/cmmi8.pfb></u
sr/local/texlive/2021/texmf-dist/fonts/type1/public/amsfonts/cm/cmr12.pfb></usr
/local/texlive/2021/texmf-dist/fonts/type1/public/amsfonts/cm/cmr17.pfb></usr/l
ocal/texlive/2021/texmf-dist/fonts/type1/public/amsfonts/cm/cmr8.pfb></usr/loca
l/texlive/2021/texmf-dist/fonts/type1/public/amsfonts/cm/cmti12.pfb></usr/local
/texlive/2021/texmf-dist/fonts/type1/public/cm-super/sfrm1200.pfb>
Output written on POGGIOLI_course_project.pdf (31 pages, 880979 bytes).
PDF statistics:
 570 PDF objects out of 1000 (max. 8388607)
 277 compressed objects within 3 object streams
 62 named destinations out of 1000 (max. 500000)
 226 words of extra memory for PDF output out of 10000 (max. 10000000)

